#! /usr/local/iverilog/bin/vvp
:ivl_version "11.0 (devel)" "(s20150603-642-g3bdb50da)";
:ivl_delay_selection "TYPICAL";
:vpi_time_precision + 0;
:vpi_module "system";
:vpi_module "vhdl_sys";
:vpi_module "vhdl_textio";
:vpi_module "v2005_math";
:vpi_module "va_math";
S_00000000008429f0 .scope module, "LabK" "LabK" 2 1;
 .timescale 0 0;
L_000000000105c670 .functor AND 1, v0000000000842b80_0, v0000000000842d60_0, C4<1>, C4<1>;
L_00000000008be840 .functor BUFZ 1, L_000000000105c670, C4<0>, C4<0>, C4<0>;
L_00000000008be8b0 .functor XOR 1, v0000000000842b80_0, v0000000000842d60_0, C4<0>, C4<0>;
L_00000000008be920 .functor BUFZ 1, L_00000000008be8b0, C4<0>, C4<0>, C4<0>;
L_00000000008be990 .functor AND 1, v0000000000873a10_0, L_00000000008be920, C4<1>, C4<1>;
L_00000000008bea00 .functor BUFZ 1, L_00000000008be990, C4<0>, C4<0>, C4<0>;
L_00000000008bea70 .functor OR 1, L_00000000008be840, L_00000000008bea00, C4<0>, C4<0>;
L_00000000008beae0 .functor XOR 1, v0000000000873a10_0, L_00000000008be920, C4<0>, C4<0>;
v0000000000842b80_0 .var "a", 0 0;
v0000000000842c20_0 .net "and1", 0 0, L_000000000105c670;  1 drivers
v0000000000842cc0_0 .net "and2", 0 0, L_00000000008be990;  1 drivers
v0000000000842d60_0 .var "b", 0 0;
v0000000000873a10_0 .var "c", 0 0;
v0000000000873ab0_0 .net "cout", 0 0, L_00000000008bea70;  1 drivers
v0000000000873b50_0 .var "expect", 1 0;
v0000000000873bf0_0 .var "flag", 0 0;
v00000000008bdc40_0 .var/i "i", 31 0;
v00000000008bde20_0 .var/i "j", 31 0;
v00000000008bd880_0 .var/i "k", 31 0;
v00000000008be280_0 .net "orin1", 0 0, L_00000000008be840;  1 drivers
v00000000008bdce0_0 .net "orin2", 0 0, L_00000000008bea00;  1 drivers
v00000000008bdd80_0 .net "xor1", 0 0, L_00000000008be8b0;  1 drivers
v00000000008bdec0_0 .net "xor2in", 0 0, L_00000000008be920;  1 drivers
v00000000008bda60_0 .net "z", 0 0, L_00000000008beae0;  1 drivers
    .scope S_00000000008429f0;
T_0 ;
    %pushi/vec4 0, 0, 32;
    %store/vec4 v00000000008bdc40_0, 0, 32;
T_0.0 ;
    %load/vec4 v00000000008bdc40_0;
    %cmpi/s 2, 0, 32;
    %jmp/0xz T_0.1, 5;
    %load/vec4 v00000000008bdc40_0;
    %pad/s 1;
    %store/vec4 v0000000000842b80_0, 0, 1;
    %pushi/vec4 0, 0, 32;
    %store/vec4 v00000000008bde20_0, 0, 32;
T_0.2 ;
    %load/vec4 v00000000008bde20_0;
    %cmpi/s 2, 0, 32;
    %jmp/0xz T_0.3, 5;
    %load/vec4 v00000000008bde20_0;
    %pad/s 1;
    %store/vec4 v0000000000842d60_0, 0, 1;
    %pushi/vec4 0, 0, 32;
    %store/vec4 v00000000008bd880_0, 0, 32;
T_0.4 ;
    %load/vec4 v00000000008bd880_0;
    %cmpi/s 2, 0, 32;
    %jmp/0xz T_0.5, 5;
    %load/vec4 v00000000008bd880_0;
    %pad/s 1;
    %store/vec4 v0000000000873a10_0, 0, 1;
    %load/vec4 v0000000000842b80_0;
    %pad/u 2;
    %load/vec4 v0000000000842d60_0;
    %pad/u 2;
    %add;
    %load/vec4 v0000000000873a10_0;
    %pad/u 2;
    %add;
    %store/vec4 v0000000000873b50_0, 0, 2;
    %delay 1, 0;
    %load/vec4 v0000000000873b50_0;
    %parti/s 1, 0, 2;
    %load/vec4 v00000000008bda60_0;
    %cmp/e;
    %flag_get/vec4 6;
    %load/vec4 v0000000000873b50_0;
    %parti/s 1, 1, 2;
    %load/vec4 v0000000000873ab0_0;
    %cmp/e;
    %flag_get/vec4 6;
    %and;
    %flag_set/vec4 8;
    %jmp/0 T_0.6, 8;
    %pushi/vec4 1, 0, 2;
    %jmp/1 T_0.7, 8;
T_0.6 ; End of true expr.
    %pushi/vec4 0, 0, 2;
    %jmp/0 T_0.7, 8;
 ; End of false expr.
    %blend;
T_0.7;
    %pad/s 1;
    %store/vec4 v0000000000873bf0_0, 0, 1;
    %load/vec4 v0000000000873bf0_0;
    %flag_set/vec4 8;
    %jmp/0xz  T_0.8, 8;
    %vpi_call 2 54 "$display", "Pass: a=%b b=%b c=%b z=%b cout=%b", v0000000000842b80_0, v0000000000842d60_0, v0000000000873a10_0, v00000000008bda60_0, v0000000000873ab0_0 {0 0 0};
    %jmp T_0.9;
T_0.8 ;
    %vpi_call 2 56 "$display", "Fail: a=%b b=%b c=%b z=%b cout=%b", v0000000000842b80_0, v0000000000842d60_0, v0000000000873a10_0, v00000000008bda60_0, v0000000000873ab0_0 {0 0 0};
T_0.9 ;
    ; show_stmt_assign_vector: Get l-value for compressed += operand
    %load/vec4 v00000000008bd880_0;
    %pushi/vec4 1, 0, 32;
    %add;
    %store/vec4 v00000000008bd880_0, 0, 32;
    %jmp T_0.4;
T_0.5 ;
    ; show_stmt_assign_vector: Get l-value for compressed += operand
    %load/vec4 v00000000008bde20_0;
    %pushi/vec4 1, 0, 32;
    %add;
    %store/vec4 v00000000008bde20_0, 0, 32;
    %jmp T_0.2;
T_0.3 ;
    ; show_stmt_assign_vector: Get l-value for compressed += operand
    %load/vec4 v00000000008bdc40_0;
    %pushi/vec4 1, 0, 32;
    %add;
    %store/vec4 v00000000008bdc40_0, 0, 32;
    %jmp T_0.0;
T_0.1 ;
    %vpi_call 2 60 "$finish" {0 0 0};
    %end;
    .thread T_0;
# The file index is used to find the file name in the following table.
:file_names 3;
    "N/A";
    "<interactive>";
    "LabK9.v";
